<?xml version="1.0" encoding="UTF-8"?>
<!-- Generated by org.testng.reporters.JUnitReportReporter -->
<testsuite name="Runner.Smoke" tests="1" time="10.871" ignored="0" failures="0" timestamp="28 Feb 2019 04:36:42 GMT" skipped="0" hostname="LAPTOP-CSF2BJOF" errors="0">
  <testcase name="sam" time="10.871" classname="Runner.Smoke"/>
</testsuite> <!-- Runner.Smoke -->
